[INFO: ] Request for undo: {'id': 38}
[WARN: ] Re-entering Game: This reloads the entire tournament, try and avoid.
[INFO: ] (Game 38) Point Scored by brigitte_gredziuk from team breaking_bad_bois. Score is 0 - 0
[INFO: ] (Game 38) Point Scored by jared_healy from team officials. Score is 1 - 0
[INFO: ] (Game 38) Ace Scored by jared_healy from team officials. Score is 1 - 1
[INFO: ] (Game 38) Point Scored by brigitte_gredziuk from team breaking_bad_bois. Score is 1 - 2
[INFO: ] (Game 38) Ace Scored by alex_soudure from team officials. Score is 2 - 2
[INFO: ] (Game 38) Timeout called by breaking_bad_bois
[INFO: ] (Game 38) Ace Scored by james_sharpham from team breaking_bad_bois. Score is 2 - 3
[INFO: ] (Game 38) Ace Scored by alex_soudure from team officials. Score is 3 - 3
[INFO: ] (Game 38) Timeout called by breaking_bad_bois
[INFO: ] (Game 38) Yellow Card for jared_healy from team officials
[INFO: ] (Game 38) Ace Scored by james_sharpham from team breaking_bad_bois. Score is 3 - 4
[INFO: ] (Game 38) Ace Scored by jared_healy from team officials. Score is 4 - 4
[INFO: ] (Game 38) Ace Scored by jared_healy from team officials. Score is 4 - 5
[INFO: ] (Game 38) Ace Scored by jared_healy from team officials. Score is 4 - 6
[INFO: ] (Game 38) Fault by alex_soudure from team officials
[INFO: ] (Game 38) Point Scored by james_sharpham from team breaking_bad_bois. Score is 4 - 7
[INFO: ] (Game 38) Point Scored by james_sharpham from team breaking_bad_bois. Score is 5 - 7
[INFO: ] (Game 38) Timeout called by officials
[INFO: ] (Game 38) Ace Scored by brigitte_gredziuk from team breaking_bad_bois. Score is 6 - 7
[INFO: ] (Game 38) Point Scored by alex_soudure from team officials. Score is 7 - 7
[INFO: ] (Game 38) Yellow Card for jared_healy from team officials
[INFO: ] (Game 38) Timeout called by officials
[INFO: ] (Game 38) Point Scored by jared_healy from team officials. Score is 7 - 8
[INFO: ] (Game 38) Fault by jared_healy from team officials
[INFO: ] (Game 38) Green Card for alex_soudure from team officials
[INFO: ] (Game 38) Point Scored by james_sharpham from team breaking_bad_bois. Score is 7 - 9
[INFO: ] (Game 38) Timeout called by breaking_bad_bois
[INFO: ] (Game 38) Timeout called by officials
[INFO: ] (Game 38) Ace Scored by alex_soudure from team officials. Score is 8 - 9
[INFO: ] (Game 38) Fault by brigitte_gredziuk from team breaking_bad_bois
[INFO: ] Saving...
[INFO: ]          Breaking Bad Bois|  The Officials 
[INFO: ] score   :       8       |       10       
[INFO: ] cards   :       0       |        0       
[INFO: ] timeouts:      -2       |       -2       
[INFO: ] Saving...
[INFO: ] Request for timeout: {'id': 38, 'firstTeam': True}
[INFO: ] (Game 38) Timeout called by breaking_bad_bois
[INFO: ] Saving...
[INFO: ] Request for score: {'id': 38, 'firstTeam': False, 'firstPlayer': False, 'ace': False}
[INFO: ] (Game 38) Point Scored by jared_healy from team officials. Score is 8 - 10
[INFO: ] Saving...
[INFO: ] Request for end: {'id': 38, 'bestPlayer': 'Jared Healy'}
[INFO: ] (Game 38) game 38 is over! Winner was officials, Best Player is jared_healy
[INFO: ] Saving...
[INFO: ] Request for undo: {'id': 39}
[WARN: ] Re-entering Game: This reloads the entire tournament, try and avoid.
[INFO: ] (Game 39) Red Card for sean_robinson from team seanitha
[INFO: ] Saving...
[INFO: ]             Seanitha    |     Sleeby     
[INFO: ] score   :       0       |        0       
[INFO: ] cards   :      -1       |        0       
[INFO: ] timeouts:       1       |        1       
[INFO: ] Saving...
[INFO: ] Request for timeout: {'id': 39, 'firstTeam': True}
[INFO: ] (Game 39) Timeout called by seanitha
[INFO: ] Saving...
[INFO: ] Request for timeout: {'id': 39, 'firstTeam': True}
[INFO: ] (Game 39) Timeout called by seanitha
[INFO: ] Saving...
[INFO: ] Request for timeout: {'id': 39, 'firstTeam': True}
[INFO: ] (Game 39) Timeout called by seanitha
[INFO: ] Saving...
[INFO: ] Request for timeout: {'id': 39, 'firstTeam': True}
[INFO: ] (Game 39) Timeout called by seanitha
[INFO: ] Saving...
[INFO: ] Request for card: {'id': 39, 'firstTeam': True, 'firstPlayer': False, 'color': 'red', 'time': 3}
[INFO: ] (Game 39) Red Card for tabitha_blechynden from team seanitha
[INFO: ] (Game 39) Penalty Point Awarded to team sleeby.  Score is 0 - 0
[INFO: ] (Game 39) Penalty Point Awarded to team sleeby.  Score is 0 - 1
[INFO: ] (Game 39) Penalty Point Awarded to team sleeby.  Score is 0 - 2
[INFO: ] (Game 39) Penalty Point Awarded to team sleeby.  Score is 0 - 3
[INFO: ] (Game 39) Penalty Point Awarded to team sleeby.  Score is 0 - 4
[INFO: ] (Game 39) Penalty Point Awarded to team sleeby.  Score is 0 - 5
[INFO: ] (Game 39) Penalty Point Awarded to team sleeby.  Score is 0 - 6
[INFO: ] (Game 39) Penalty Point Awarded to team sleeby.  Score is 0 - 7
[INFO: ] (Game 39) Penalty Point Awarded to team sleeby.  Score is 0 - 8
[INFO: ] (Game 39) Penalty Point Awarded to team sleeby.  Score is 0 - 9
[INFO: ] (Game 39) Penalty Point Awarded to team sleeby.  Score is 0 - 10
[INFO: ]             Seanitha    |     Sleeby     
[INFO: ] score   :       0       |       11       
[INFO: ] cards   :      -1       |        0       
[INFO: ] timeouts:      -3       |        1       
[INFO: ] Saving...
[INFO: ] Request for end: {'id': 39, 'bestPlayer': 'Jamie Dymmott'}
[INFO: ] (Game 39) game 39 is over! Winner was sleeby, Best Player is jamie_dymmott
[INFO: ] Saving...
[INFO: ] Request for undo: {'id': 39}
[WARN: ] Re-entering Game: This reloads the entire tournament, try and avoid.
[INFO: ] (Game 39) Red Card for sean_robinson from team seanitha
[INFO: ] (Game 39) Timeout called by seanitha
[INFO: ] (Game 39) Timeout called by seanitha
[INFO: ] (Game 39) Timeout called by seanitha
[INFO: ] (Game 39) Timeout called by seanitha
[INFO: ] Saving...
[INFO: ]             Seanitha    |     Sleeby     
[INFO: ] score   :       0       |        0       
[INFO: ] cards   :      -1       |        0       
[INFO: ] timeouts:      -3       |        1       
[INFO: ] Saving...
[INFO: ] Request for fault: {'id': 39, 'firstTeam': True}
[INFO: ] (Game 39) Fault by tabitha_blechynden from team seanitha
[INFO: ] Saving...
[INFO: ] Request for fault: {'id': 39, 'firstTeam': False}
[INFO: ] (Game 39) Fault by jamie_dymmott from team sleeby
[INFO: ] Saving...
[INFO: ] Request for fault: {'id': 39, 'firstTeam': False}
[INFO: ] (Game 39) Fault by jamie_dymmott from team sleeby
[INFO: ] (Game 39) Penalty Point Awarded to team seanitha.  Score is 0 - 0
[INFO: ] Saving...
[INFO: ] Request for card: {'id': 39, 'firstTeam': True, 'firstPlayer': False, 'color': 'red', 'time': 3}
[INFO: ] (Game 39) Red Card for tabitha_blechynden from team seanitha
[INFO: ] (Game 39) Penalty Point Awarded to team sleeby.  Score is 1 - 0
[INFO: ] (Game 39) Penalty Point Awarded to team sleeby.  Score is 1 - 1
[INFO: ] (Game 39) Penalty Point Awarded to team sleeby.  Score is 1 - 2
[INFO: ] (Game 39) Penalty Point Awarded to team sleeby.  Score is 1 - 3
[INFO: ] (Game 39) Penalty Point Awarded to team sleeby.  Score is 1 - 4
[INFO: ] (Game 39) Penalty Point Awarded to team sleeby.  Score is 1 - 5
[INFO: ] (Game 39) Penalty Point Awarded to team sleeby.  Score is 1 - 6
[INFO: ] (Game 39) Penalty Point Awarded to team sleeby.  Score is 1 - 7
[INFO: ] (Game 39) Penalty Point Awarded to team sleeby.  Score is 1 - 8
[INFO: ] (Game 39) Penalty Point Awarded to team sleeby.  Score is 1 - 9
[INFO: ] (Game 39) Penalty Point Awarded to team sleeby.  Score is 1 - 10
[INFO: ]             Seanitha    |     Sleeby     
[INFO: ] score   :       1       |       11       
[INFO: ] cards   :      -1       |        0       
[INFO: ] timeouts:      -3       |        1       
[INFO: ] Saving...
[INFO: ] Request for end: {'id': 39, 'bestPlayer': 'Tabitha Blechynden'}
[INFO: ] (Game 39) game 39 is over! Winner was sleeby, Best Player is tabitha_blechynden
[INFO: ] Saving...
[INFO: ] Request for undo: {'id': 39}
[WARN: ] Re-entering Game: This reloads the entire tournament, try and avoid.
[INFO: ] (Game 39) Red Card for sean_robinson from team seanitha
[INFO: ] (Game 39) Timeout called by seanitha
[INFO: ] (Game 39) Timeout called by seanitha
[INFO: ] (Game 39) Timeout called by seanitha
[INFO: ] (Game 39) Timeout called by seanitha
[INFO: ] (Game 39) Fault by sean_robinson from team seanitha
[INFO: ] (Game 39) Fault by james_saunders from team sleeby
[INFO: ] (Game 39) Fault by james_saunders from team sleeby
[INFO: ] (Game 39) Penalty Point Awarded to team seanitha.  Score is 0 - 0
[INFO: ] Saving...
[INFO: ]             Seanitha    |     Sleeby     
[INFO: ] score   :       1       |        0       
[INFO: ] cards   :      -1       |        0       
[INFO: ] timeouts:      -3       |        1       
[INFO: ] Saving...
[INFO: ] Request for undo: {'id': 39}
[INFO: ] (Game 39) Red Card for sean_robinson from team seanitha
[INFO: ] (Game 39) Timeout called by seanitha
[INFO: ] (Game 39) Timeout called by seanitha
[INFO: ] (Game 39) Timeout called by seanitha
[INFO: ] (Game 39) Timeout called by seanitha
[INFO: ] (Game 39) Fault by sean_robinson from team seanitha
[INFO: ] (Game 39) Fault by jamie_dymmott from team sleeby
[INFO: ] (Game 39) Undoing... game string is now VLTTTTTTTTFRfl
[INFO: ]             Seanitha    |     Sleeby     
[INFO: ] score   :       0       |        0       
[INFO: ] cards   :      -1       |        0       
[INFO: ] timeouts:      -3       |        1       
[INFO: ] Saving...
[INFO: ] Request for timeout: {'id': 39, 'firstTeam': True}
[INFO: ] (Game 39) Timeout called by seanitha
[INFO: ] Saving...
[INFO: ] Request for score: {'id': 39, 'firstTeam': True, 'firstPlayer': False, 'ace': False}
[INFO: ] (Game 39) Point Scored by tabitha_blechynden from team seanitha. Score is 0 - 0
[INFO: ] Saving...
[INFO: ] Request for card: {'id': 39, 'firstTeam': True, 'firstPlayer': False, 'color': 'red', 'time': 3}
[INFO: ] (Game 39) Red Card for tabitha_blechynden from team seanitha
[INFO: ] (Game 39) Penalty Point Awarded to team sleeby.  Score is 1 - 0
[INFO: ] (Game 39) Penalty Point Awarded to team sleeby.  Score is 1 - 1
[INFO: ] (Game 39) Penalty Point Awarded to team sleeby.  Score is 1 - 2
[INFO: ] (Game 39) Penalty Point Awarded to team sleeby.  Score is 1 - 3
[INFO: ] (Game 39) Penalty Point Awarded to team sleeby.  Score is 1 - 4
[INFO: ] (Game 39) Penalty Point Awarded to team sleeby.  Score is 1 - 5
[INFO: ] (Game 39) Penalty Point Awarded to team sleeby.  Score is 1 - 6
[INFO: ] (Game 39) Penalty Point Awarded to team sleeby.  Score is 1 - 7
[INFO: ] (Game 39) Penalty Point Awarded to team sleeby.  Score is 1 - 8
[INFO: ] (Game 39) Penalty Point Awarded to team sleeby.  Score is 1 - 9
[INFO: ] (Game 39) Penalty Point Awarded to team sleeby.  Score is 1 - 10
[INFO: ]             Seanitha    |     Sleeby     
[INFO: ] score   :       1       |       11       
[INFO: ] cards   :      -1       |        0       
[INFO: ] timeouts:      -4       |        1       
[INFO: ] Saving...
[INFO: ] Request for end: {'id': 39, 'bestPlayer': 'Jamie Dymmott'}
[INFO: ] (Game 39) game 39 is over! Winner was sleeby, Best Player is jamie_dymmott
[INFO: ] Saving...
